\BOOKMARK [0][-]{section*.2}{\376\377\000C\000e\000r\000t\000i\000f\000i\000c\000a\000t\000e}{}% 1
\BOOKMARK [0][-]{section*.3}{\376\377\000D\000e\000c\000l\000a\000r\000a\000t\000i\000o\000n}{}% 2
\BOOKMARK [0][-]{section*.4}{\376\377\000A\000c\000k\000n\000o\000w\000l\000e\000d\000g\000e\000m\000e\000n\000t\000s}{}% 3
\BOOKMARK [0][-]{section*.5}{\376\377\000A\000b\000s\000t\000r\000a\000c\000t}{}% 4
\BOOKMARK [0][-]{section*.8}{\376\377\000L\000i\000s\000t\000\040\000o\000f\000\040\000A\000b\000b\000r\000e\000v\000i\000a\000t\000i\000o\000n\000s\000\040\000a\000n\000d\000\040\000A\000c\000r\000o\000n\000y\000m\000s}{}% 5
\BOOKMARK [0][-]{section*.9}{\376\377\000L\000i\000s\000t\000\040\000o\000f\000\040\000F\000i\000g\000u\000r\000e\000s}{}% 6
\BOOKMARK [0][-]{chapter*.10}{\376\377\000L\000i\000s\000t\000\040\000o\000f\000\040\000T\000a\000b\000l\000e\000s}{}% 7
\BOOKMARK [0][-]{chapter.1}{\376\377\000I\000n\000t\000r\000o\000d\000u\000c\000t\000i\000o\000n}{}% 8
\BOOKMARK [1][-]{section.1.1}{\376\377\000I\000n\000t\000r\000o\000d\000u\000c\000t\000i\000o\000n}{chapter.1}% 9
\BOOKMARK [1][-]{section.1.2}{\376\377\000P\000r\000o\000b\000l\000e\000m\000\040\000S\000t\000a\000t\000e\000m\000e\000n\000t}{chapter.1}% 10
\BOOKMARK [1][-]{section.1.3}{\376\377\000O\000b\000j\000e\000c\000t\000i\000v\000e\000s}{chapter.1}% 11
\BOOKMARK [1][-]{section.1.4}{\376\377\000S\000c\000o\000p\000e\000\040\000o\000f\000\040\000t\000h\000e\000\040\000P\000r\000o\000j\000e\000c\000t}{chapter.1}% 12
\BOOKMARK [1][-]{section.1.5}{\376\377\000P\000r\000o\000p\000o\000s\000e\000d\000\040\000M\000e\000t\000h\000o\000d\000o\000l\000o\000g\000y}{chapter.1}% 13
\BOOKMARK [1][-]{section.1.6}{\376\377\000O\000r\000g\000a\000n\000i\000z\000a\000t\000i\000o\000n\000\040\000o\000f\000\040\000t\000h\000e\000\040\000R\000e\000p\000o\000r\000t}{chapter.1}% 14
\BOOKMARK [0][-]{chapter.2}{\376\377\000L\000i\000t\000e\000r\000a\000t\000u\000r\000e\000\040\000S\000u\000r\000v\000e\000y}{}% 15
\BOOKMARK [1][-]{section.2.1}{\376\377\000I\000n\000t\000r\000o\000d\000u\000c\000t\000i\000o\000n}{chapter.2}% 16
\BOOKMARK [1][-]{section.2.2}{\376\377\000R\000e\000v\000i\000e\000w\000\040\000o\000f\000\040\000E\000x\000i\000s\000t\000i\000n\000g\000\040\000P\000l\000a\000c\000e\000m\000e\000n\000t\000\040\000P\000r\000e\000p\000a\000r\000a\000t\000i\000o\000n\000\040\000P\000l\000a\000t\000f\000o\000r\000m\000s}{chapter.2}% 17
\BOOKMARK [2][-]{subsection.2.2.1}{\376\377\000L\000e\000e\000t\000C\000o\000d\000e}{section.2.2}% 18
\BOOKMARK [2][-]{subsection.2.2.2}{\376\377\000H\000a\000c\000k\000e\000r\000R\000a\000n\000k}{section.2.2}% 19
\BOOKMARK [2][-]{subsection.2.2.3}{\376\377\000G\000e\000e\000k\000s\000f\000o\000r\000G\000e\000e\000k\000s}{section.2.2}% 20
\BOOKMARK [2][-]{subsection.2.2.4}{\376\377\000I\000n\000t\000e\000r\000v\000i\000e\000w\000B\000i\000t}{section.2.2}% 21
\BOOKMARK [2][-]{subsection.2.2.5}{\376\377\000L\000i\000n\000k\000e\000d\000I\000n\000\040\000L\000e\000a\000r\000n\000i\000n\000g}{section.2.2}% 22
\BOOKMARK [1][-]{section.2.3}{\376\377\000C\000o\000m\000p\000a\000r\000a\000t\000i\000v\000e\000\040\000A\000n\000a\000l\000y\000s\000i\000s\000\040\000o\000f\000\040\000E\000x\000i\000s\000t\000i\000n\000g\000\040\000P\000l\000a\000t\000f\000o\000r\000m\000s}{chapter.2}% 23
\BOOKMARK [1][-]{section.2.4}{\376\377\000R\000e\000s\000e\000a\000r\000c\000h\000\040\000G\000a\000p}{chapter.2}% 24
\BOOKMARK [1][-]{section.2.5}{\376\377\000C\000h\000a\000p\000t\000e\000r\000\040\000S\000u\000m\000m\000a\000r\000y}{chapter.2}% 25
\BOOKMARK [0][-]{chapter.3}{\376\377\000S\000y\000s\000t\000e\000m\000\040\000A\000n\000a\000l\000y\000s\000i\000s\000\040\000a\000n\000d\000\040\000D\000e\000s\000i\000g\000n}{}% 26
\BOOKMARK [1][-]{section.3.1}{\376\377\000I\000n\000t\000r\000o\000d\000u\000c\000t\000i\000o\000n}{chapter.3}% 27
\BOOKMARK [1][-]{section.3.2}{\376\377\000R\000e\000q\000u\000i\000r\000e\000m\000e\000n\000t\000\040\000A\000n\000a\000l\000y\000s\000i\000s}{chapter.3}% 28
\BOOKMARK [2][-]{subsection.3.2.1}{\376\377\000F\000u\000n\000c\000t\000i\000o\000n\000a\000l\000\040\000R\000e\000q\000u\000i\000r\000e\000m\000e\000n\000t\000s}{section.3.2}% 29
\BOOKMARK [2][-]{subsection.3.2.2}{\376\377\000N\000o\000n\000-\000F\000u\000n\000c\000t\000i\000o\000n\000a\000l\000\040\000R\000e\000q\000u\000i\000r\000e\000m\000e\000n\000t\000s}{section.3.2}% 30
\BOOKMARK [1][-]{section.3.3}{\376\377\000F\000e\000a\000s\000i\000b\000i\000l\000i\000t\000y\000\040\000S\000t\000u\000d\000y}{chapter.3}% 31
\BOOKMARK [2][-]{subsection.3.3.1}{\376\377\000T\000e\000c\000h\000n\000i\000c\000a\000l\000\040\000F\000e\000a\000s\000i\000b\000i\000l\000i\000t\000y}{section.3.3}% 32
\BOOKMARK [2][-]{subsection.3.3.2}{\376\377\000E\000c\000o\000n\000o\000m\000i\000c\000\040\000F\000e\000a\000s\000i\000b\000i\000l\000i\000t\000y}{section.3.3}% 33
\BOOKMARK [2][-]{subsection.3.3.3}{\376\377\000O\000p\000e\000r\000a\000t\000i\000o\000n\000a\000l\000\040\000F\000e\000a\000s\000i\000b\000i\000l\000i\000t\000y}{section.3.3}% 34
\BOOKMARK [1][-]{section.3.4}{\376\377\000O\000v\000e\000r\000a\000l\000l\000\040\000S\000y\000s\000t\000e\000m\000\040\000A\000r\000c\000h\000i\000t\000e\000c\000t\000u\000r\000e}{chapter.3}% 35
\BOOKMARK [1][-]{section.3.5}{\376\377\000F\000i\000v\000e\000-\000L\000a\000y\000e\000r\000\040\000S\000o\000f\000t\000w\000a\000r\000e\000\040\000A\000r\000c\000h\000i\000t\000e\000c\000t\000u\000r\000e}{chapter.3}% 36
\BOOKMARK [2][-]{subsection.3.5.1}{\376\377\000P\000r\000e\000s\000e\000n\000t\000a\000t\000i\000o\000n\000\040\000L\000a\000y\000e\000r}{section.3.5}% 37
\BOOKMARK [2][-]{subsection.3.5.2}{\376\377\000A\000P\000I\000\040\000L\000a\000y\000e\000r}{section.3.5}% 38
\BOOKMARK [2][-]{subsection.3.5.3}{\376\377\000B\000u\000s\000i\000n\000e\000s\000s\000\040\000L\000o\000g\000i\000c\000\040\000L\000a\000y\000e\000r}{section.3.5}% 39
\BOOKMARK [2][-]{subsection.3.5.4}{\376\377\000D\000a\000t\000a\000\040\000A\000c\000c\000e\000s\000s\000\040\000L\000a\000y\000e\000r}{section.3.5}% 40
\BOOKMARK [2][-]{subsection.3.5.5}{\376\377\000E\000x\000t\000e\000r\000n\000a\000l\000\040\000S\000e\000r\000v\000i\000c\000e\000\040\000L\000a\000y\000e\000r}{section.3.5}% 41
\BOOKMARK [1][-]{section.3.6}{\376\377\000H\000i\000g\000h\000-\000L\000e\000v\000e\000l\000\040\000S\000o\000f\000t\000w\000a\000r\000e\000\040\000A\000r\000c\000h\000i\000t\000e\000c\000t\000u\000r\000e}{chapter.3}% 42
\BOOKMARK [2][-]{subsection.3.6.1}{\376\377\000C\000l\000i\000e\000n\000t\000\040\000L\000a\000y\000e\000r}{section.3.6}% 43
\BOOKMARK [2][-]{subsection.3.6.2}{\376\377\000B\000a\000c\000k\000e\000n\000d\000\040\000L\000a\000y\000e\000r}{section.3.6}% 44
\BOOKMARK [2][-]{subsection.3.6.3}{\376\377\000D\000a\000t\000a\000\040\000L\000a\000y\000e\000r}{section.3.6}% 45
\BOOKMARK [2][-]{subsection.3.6.4}{\376\377\000E\000x\000t\000e\000r\000n\000a\000l\000\040\000S\000e\000r\000v\000i\000c\000e\000\040\000L\000a\000y\000e\000r}{section.3.6}% 46
\BOOKMARK [1][-]{section.3.7}{\376\377\000U\000s\000e\000\040\000C\000a\000s\000e\000\040\000D\000i\000a\000g\000r\000a\000m}{chapter.3}% 47
\BOOKMARK [2][-]{subsection.3.7.1}{\376\377\000G\000u\000e\000s\000t\000\040\000U\000s\000e\000r}{section.3.7}% 48
\BOOKMARK [2][-]{subsection.3.7.2}{\376\377\000S\000t\000u\000d\000e\000n\000t\000\040\000U\000s\000e\000r}{section.3.7}% 49
\BOOKMARK [2][-]{subsection.3.7.3}{\376\377\000A\000d\000m\000i\000n\000i\000s\000t\000r\000a\000t\000o\000r}{section.3.7}% 50
\BOOKMARK [1][-]{section.3.8}{\376\377\000D\000a\000t\000a\000\040\000F\000l\000o\000w\000\040\000D\000i\000a\000g\000r\000a\000m}{chapter.3}% 51
\BOOKMARK [2][-]{subsection.3.8.1}{\376\377\000W\000o\000r\000k\000i\000n\000g\000\040\000o\000f\000\040\000t\000h\000e\000\040\000D\000a\000t\000a\000\040\000F\000l\000o\000w}{section.3.8}% 52
\BOOKMARK [2][-]{subsection.3.8.2}{\376\377\000A\000d\000v\000a\000n\000t\000a\000g\000e\000s\000\040\000o\000f\000\040\000t\000h\000e\000\040\000D\000a\000t\000a\000\040\000F\000l\000o\000w\000\040\000D\000e\000s\000i\000g\000n}{section.3.8}% 53
\BOOKMARK [1][-]{section.3.9}{\376\377\000C\000l\000a\000s\000s\000\040\000D\000i\000a\000g\000r\000a\000m}{chapter.3}% 54
\BOOKMARK [2][-]{subsection.3.9.1}{\376\377\000A\000d\000v\000a\000n\000t\000a\000g\000e\000s\000\040\000o\000f\000\040\000t\000h\000e\000\040\000C\000l\000a\000s\000s\000\040\000D\000e\000s\000i\000g\000n}{section.3.9}% 55
\BOOKMARK [1][-]{section.3.10}{\376\377\000D\000a\000t\000a\000b\000a\000s\000e\000\040\000D\000e\000s\000i\000g\000n}{chapter.3}% 56
\BOOKMARK [2][-]{subsection.3.10.1}{\376\377\000M\000a\000j\000o\000r\000\040\000D\000a\000t\000a\000b\000a\000s\000e\000\040\000E\000n\000t\000i\000t\000i\000e\000s}{section.3.10}% 57
\BOOKMARK [2][-]{subsection.3.10.2}{\376\377\000R\000e\000l\000a\000t\000i\000o\000n\000s\000h\000i\000p\000\040\000B\000e\000t\000w\000e\000e\000n\000\040\000E\000n\000t\000i\000t\000i\000e\000s}{section.3.10}% 58
\BOOKMARK [2][-]{subsection.3.10.3}{\376\377\000D\000a\000t\000a\000b\000a\000s\000e\000\040\000F\000e\000a\000t\000u\000r\000e\000s}{section.3.10}% 59
\BOOKMARK [2][-]{subsection.3.10.4}{\376\377\000A\000d\000v\000a\000n\000t\000a\000g\000e\000s\000\040\000o\000f\000\040\000t\000h\000e\000\040\000D\000a\000t\000a\000b\000a\000s\000e\000\040\000D\000e\000s\000i\000g\000n}{section.3.10}% 60
\BOOKMARK [1][-]{section.3.11}{\376\377\000C\000h\000a\000p\000t\000e\000r\000\040\000S\000u\000m\000m\000a\000r\000y}{chapter.3}% 61
\BOOKMARK [0][-]{chapter.4}{\376\377\000S\000y\000s\000t\000e\000m\000\040\000D\000e\000v\000e\000l\000o\000p\000m\000e\000n\000t\000\040\000a\000n\000d\000\040\000I\000m\000p\000l\000e\000m\000e\000n\000t\000a\000t\000i\000o\000n}{}% 62
\BOOKMARK [1][-]{section.4.1}{\376\377\000I\000n\000t\000r\000o\000d\000u\000c\000t\000i\000o\000n}{chapter.4}% 63
\BOOKMARK [1][-]{section.4.2}{\376\377\000T\000e\000c\000h\000n\000o\000l\000o\000g\000y\000\040\000S\000t\000a\000c\000k}{chapter.4}% 64
\BOOKMARK [1][-]{section.4.3}{\376\377\000D\000e\000v\000e\000l\000o\000p\000m\000e\000n\000t\000\040\000E\000n\000v\000i\000r\000o\000n\000m\000e\000n\000t}{chapter.4}% 65
\BOOKMARK [1][-]{section.4.4}{\376\377\000F\000r\000o\000n\000t\000e\000n\000d\000\040\000I\000m\000p\000l\000e\000m\000e\000n\000t\000a\000t\000i\000o\000n}{chapter.4}% 66
\BOOKMARK [2][-]{subsection.4.4.1}{\376\377\000A\000d\000v\000a\000n\000t\000a\000g\000e\000s\000\040\000o\000f\000\040\000t\000h\000e\000\040\000F\000r\000o\000n\000t\000e\000n\000d\000\040\000A\000r\000c\000h\000i\000t\000e\000c\000t\000u\000r\000e}{section.4.4}% 67
\BOOKMARK [1][-]{section.4.5}{\376\377\000B\000a\000c\000k\000e\000n\000d\000\040\000I\000m\000p\000l\000e\000m\000e\000n\000t\000a\000t\000i\000o\000n}{chapter.4}% 68
\BOOKMARK [2][-]{subsection.4.5.1}{\376\377\000A\000P\000I\000\040\000R\000e\000q\000u\000e\000s\000t\000\040\000P\000r\000o\000c\000e\000s\000s\000i\000n\000g\000\040\000W\000o\000r\000k\000f\000l\000o\000w}{section.4.5}% 69
\BOOKMARK [2][-]{subsection.4.5.2}{\376\377\000A\000d\000v\000a\000n\000t\000a\000g\000e\000s\000\040\000o\000f\000\040\000t\000h\000e\000\040\000B\000a\000c\000k\000e\000n\000d\000\040\000A\000r\000c\000h\000i\000t\000e\000c\000t\000u\000r\000e}{section.4.5}% 70
\BOOKMARK [1][-]{section.4.6}{\376\377\000A\000u\000t\000h\000e\000n\000t\000i\000c\000a\000t\000i\000o\000n\000\040\000M\000o\000d\000u\000l\000e}{chapter.4}% 71
\BOOKMARK [2][-]{subsection.4.6.1}{\376\377\000A\000u\000t\000h\000e\000n\000t\000i\000c\000a\000t\000i\000o\000n\000\040\000W\000o\000r\000k\000f\000l\000o\000w}{section.4.6}% 72
\BOOKMARK [2][-]{subsection.4.6.2}{\376\377\000S\000e\000c\000u\000r\000i\000t\000y\000\040\000F\000e\000a\000t\000u\000r\000e\000s}{section.4.6}% 73
\BOOKMARK [2][-]{subsection.4.6.3}{\376\377\000A\000d\000v\000a\000n\000t\000a\000g\000e\000s\000\040\000o\000f\000\040\000t\000h\000e\000\040\000A\000u\000t\000h\000e\000n\000t\000i\000c\000a\000t\000i\000o\000n\000\040\000M\000o\000d\000u\000l\000e}{section.4.6}% 74
\BOOKMARK [1][-]{section.4.7}{\376\377\000P\000l\000a\000c\000e\000m\000e\000n\000t\000\040\000P\000r\000e\000p\000a\000r\000a\000t\000i\000o\000n\000\040\000M\000o\000d\000u\000l\000e}{chapter.4}% 75
\BOOKMARK [2][-]{subsection.4.7.1}{\376\377\000P\000l\000a\000c\000e\000m\000e\000n\000t\000\040\000P\000r\000e\000p\000a\000r\000a\000t\000i\000o\000n\000\040\000W\000o\000r\000k\000f\000l\000o\000w}{section.4.7}% 76
\BOOKMARK [2][-]{subsection.4.7.2}{\376\377\000M\000a\000j\000o\000r\000\040\000F\000e\000a\000t\000u\000r\000e\000s}{section.4.7}% 77
\BOOKMARK [2][-]{subsection.4.7.3}{\376\377\000A\000d\000v\000a\000n\000t\000a\000g\000e\000s\000\040\000o\000f\000\040\000t\000h\000e\000\040\000P\000l\000a\000c\000e\000m\000e\000n\000t\000\040\000P\000r\000e\000p\000a\000r\000a\000t\000i\000o\000n\000\040\000M\000o\000d\000u\000l\000e}{section.4.7}% 78
\BOOKMARK [1][-]{section.4.8}{\376\377\000D\000a\000s\000h\000b\000o\000a\000r\000d\000\040\000a\000n\000d\000\040\000A\000n\000a\000l\000y\000t\000i\000c\000s\000\040\000M\000o\000d\000u\000l\000e}{chapter.4}% 79
\BOOKMARK [2][-]{subsection.4.8.1}{\376\377\000D\000a\000s\000h\000b\000o\000a\000r\000d\000\040\000F\000e\000a\000t\000u\000r\000e\000s}{section.4.8}% 80
\BOOKMARK [2][-]{subsection.4.8.2}{\376\377\000A\000d\000v\000a\000n\000t\000a\000g\000e\000s\000\040\000o\000f\000\040\000t\000h\000e\000\040\000D\000a\000s\000h\000b\000o\000a\000r\000d\000\040\000M\000o\000d\000u\000l\000e}{section.4.8}% 81
\BOOKMARK [1][-]{section.4.9}{\376\377\000M\000o\000c\000k\000\040\000T\000e\000s\000t\000\040\000M\000o\000d\000u\000l\000e}{chapter.4}% 82
\BOOKMARK [2][-]{subsection.4.9.1}{\376\377\000M\000o\000c\000k\000\040\000T\000e\000s\000t\000\040\000W\000o\000r\000k\000f\000l\000o\000w}{section.4.9}% 83
\BOOKMARK [2][-]{subsection.4.9.2}{\376\377\000M\000a\000j\000o\000r\000\040\000F\000e\000a\000t\000u\000r\000e\000s}{section.4.9}% 84
\BOOKMARK [2][-]{subsection.4.9.3}{\376\377\000A\000d\000v\000a\000n\000t\000a\000g\000e\000s\000\040\000o\000f\000\040\000t\000h\000e\000\040\000M\000o\000c\000k\000\040\000T\000e\000s\000t\000\040\000M\000o\000d\000u\000l\000e}{section.4.9}% 85
\BOOKMARK [1][-]{section.4.10}{\376\377\000A\000I\000\040\000I\000n\000t\000e\000r\000v\000i\000e\000w\000\040\000M\000o\000d\000u\000l\000e}{chapter.4}% 86
\BOOKMARK [2][-]{subsection.4.10.1}{\376\377\000A\000I\000\040\000I\000n\000t\000e\000r\000v\000i\000e\000w\000\040\000W\000o\000r\000k\000f\000l\000o\000w}{section.4.10}% 87
\BOOKMARK [2][-]{subsection.4.10.2}{\376\377\000M\000a\000j\000o\000r\000\040\000F\000e\000a\000t\000u\000r\000e\000s}{section.4.10}% 88
\BOOKMARK [2][-]{subsection.4.10.3}{\376\377\000A\000d\000v\000a\000n\000t\000a\000g\000e\000s\000\040\000o\000f\000\040\000t\000h\000e\000\040\000A\000I\000\040\000I\000n\000t\000e\000r\000v\000i\000e\000w\000\040\000M\000o\000d\000u\000l\000e}{section.4.10}% 89
\BOOKMARK [1][-]{section.4.11}{\376\377\000C\000o\000d\000i\000n\000g\000\040\000P\000r\000a\000c\000t\000i\000c\000e\000\040\000M\000o\000d\000u\000l\000e}{chapter.4}% 90
\BOOKMARK [2][-]{subsection.4.11.1}{\376\377\000C\000o\000d\000i\000n\000g\000\040\000P\000r\000a\000c\000t\000i\000c\000e\000\040\000W\000o\000r\000k\000f\000l\000o\000w}{section.4.11}% 91
\BOOKMARK [2][-]{subsection.4.11.2}{\376\377\000M\000a\000j\000o\000r\000\040\000F\000e\000a\000t\000u\000r\000e\000s}{section.4.11}% 92
\BOOKMARK [2][-]{subsection.4.11.3}{\376\377\000A\000d\000v\000a\000n\000t\000a\000g\000e\000s\000\040\000o\000f\000\040\000t\000h\000e\000\040\000C\000o\000d\000i\000n\000g\000\040\000P\000r\000a\000c\000t\000i\000c\000e\000\040\000M\000o\000d\000u\000l\000e}{section.4.11}% 93
\BOOKMARK [1][-]{section.4.12}{\376\377\000P\000o\000r\000t\000f\000o\000l\000i\000o\000\040\000a\000n\000d\000\040\000S\000k\000i\000l\000l\000s\000\040\000P\000a\000s\000s\000p\000o\000r\000t\000\040\000M\000o\000d\000u\000l\000e}{chapter.4}% 94
\BOOKMARK [2][-]{subsection.4.12.1}{\376\377\000P\000o\000r\000t\000f\000o\000l\000i\000o\000\040\000G\000e\000n\000e\000r\000a\000t\000i\000o\000n\000\040\000W\000o\000r\000k\000f\000l\000o\000w}{section.4.12}% 95
\BOOKMARK [2][-]{subsection.4.12.2}{\376\377\000M\000a\000j\000o\000r\000\040\000F\000e\000a\000t\000u\000r\000e\000s}{section.4.12}% 96
\BOOKMARK [2][-]{subsection.4.12.3}{\376\377\000A\000d\000v\000a\000n\000t\000a\000g\000e\000s\000\040\000o\000f\000\040\000t\000h\000e\000\040\000P\000o\000r\000t\000f\000o\000l\000i\000o\000\040\000a\000n\000d\000\040\000S\000k\000i\000l\000l\000s\000\040\000P\000a\000s\000s\000p\000o\000r\000t\000\040\000M\000o\000d\000u\000l\000e}{section.4.12}% 97
\BOOKMARK [1][-]{section.4.13}{\376\377\000C\000o\000m\000p\000a\000n\000y\000\040\000R\000e\000a\000d\000i\000n\000e\000s\000s\000\040\000M\000o\000d\000u\000l\000e}{chapter.4}% 98
\BOOKMARK [2][-]{subsection.4.13.1}{\376\377\000C\000o\000m\000p\000a\000n\000y\000\040\000R\000e\000a\000d\000i\000n\000e\000s\000s\000\040\000W\000o\000r\000k\000f\000l\000o\000w}{section.4.13}% 99
\BOOKMARK [2][-]{subsection.4.13.2}{\376\377\000M\000a\000j\000o\000r\000\040\000F\000e\000a\000t\000u\000r\000e\000s}{section.4.13}% 100
\BOOKMARK [2][-]{subsection.4.13.3}{\376\377\000A\000d\000v\000a\000n\000t\000a\000g\000e\000s\000\040\000o\000f\000\040\000t\000h\000e\000\040\000C\000o\000m\000p\000a\000n\000y\000\040\000R\000e\000a\000d\000i\000n\000e\000s\000s\000\040\000M\000o\000d\000u\000l\000e}{section.4.13}% 101
\BOOKMARK [1][-]{section.4.14}{\376\377\000C\000h\000a\000p\000t\000e\000r\000\040\000S\000u\000m\000m\000a\000r\000y}{chapter.4}% 102
\BOOKMARK [0][-]{chapter.5}{\376\377\000R\000e\000s\000u\000l\000t\000s\000\040\000a\000n\000d\000\040\000U\000s\000e\000r\000\040\000I\000n\000t\000e\000r\000f\000a\000c\000e}{}% 103
\BOOKMARK [1][-]{section.5.1}{\376\377\000I\000n\000t\000r\000o\000d\000u\000c\000t\000i\000o\000n}{chapter.5}% 104
\BOOKMARK [1][-]{section.5.2}{\376\377\000L\000a\000n\000d\000i\000n\000g\000\040\000P\000a\000g\000e}{chapter.5}% 105
\BOOKMARK [2][-]{subsection.5.2.1}{\376\377\000M\000a\000j\000o\000r\000\040\000F\000e\000a\000t\000u\000r\000e\000s\000\040\000o\000f\000\040\000t\000h\000e\000\040\000L\000a\000n\000d\000i\000n\000g\000\040\000P\000a\000g\000e}{section.5.2}% 106
\BOOKMARK [2][-]{subsection.5.2.2}{\376\377\000A\000d\000v\000a\000n\000t\000a\000g\000e\000s}{section.5.2}% 107
\BOOKMARK [1][-]{section.5.3}{\376\377\000U\000s\000e\000r\000\040\000A\000u\000t\000h\000e\000n\000t\000i\000c\000a\000t\000i\000o\000n}{chapter.5}% 108
\BOOKMARK [2][-]{subsection.5.3.1}{\376\377\000L\000o\000g\000i\000n\000\040\000P\000a\000g\000e}{section.5.3}% 109
\BOOKMARK [2][-]{subsection.5.3.2}{\376\377\000R\000e\000g\000i\000s\000t\000r\000a\000t\000i\000o\000n\000\040\000P\000a\000g\000e}{section.5.3}% 110
\BOOKMARK [1][-]{section.5.4}{\376\377\000D\000a\000s\000h\000b\000o\000a\000r\000d}{chapter.5}% 111
\BOOKMARK [2][-]{subsection.5.4.1}{\376\377\000M\000a\000j\000o\000r\000\040\000C\000o\000m\000p\000o\000n\000e\000n\000t\000s\000\040\000o\000f\000\040\000t\000h\000e\000\040\000D\000a\000s\000h\000b\000o\000a\000r\000d}{section.5.4}% 112
\BOOKMARK [2][-]{subsection.5.4.2}{\376\377\000F\000u\000n\000c\000t\000i\000o\000n\000a\000l\000i\000t\000i\000e\000s}{section.5.4}% 113
\BOOKMARK [2][-]{subsection.5.4.3}{\376\377\000A\000d\000v\000a\000n\000t\000a\000g\000e\000s}{section.5.4}% 114
\BOOKMARK [1][-]{section.5.5}{\376\377\000P\000l\000a\000c\000e\000m\000e\000n\000t\000\040\000P\000r\000e\000p\000a\000r\000a\000t\000i\000o\000n\000\040\000M\000o\000d\000u\000l\000e}{chapter.5}% 115
\BOOKMARK [2][-]{subsection.5.5.1}{\376\377\000P\000r\000e\000p\000\040\000J\000o\000u\000r\000n\000e\000y}{section.5.5}% 116
\BOOKMARK [2][-]{subsection.5.5.2}{\376\377\000L\000e\000a\000r\000n\000i\000n\000g\000\040\000R\000o\000a\000d\000m\000a\000p\000s}{section.5.5}% 117
\BOOKMARK [2][-]{subsection.5.5.3}{\376\377\000M\000i\000l\000e\000s\000t\000o\000n\000e\000s}{section.5.5}% 118
\BOOKMARK [2][-]{subsection.5.5.4}{\376\377\000T\000o\000p\000i\000c\000\040\000S\000t\000u\000d\000y}{section.5.5}% 119
\BOOKMARK [1][-]{section.5.6}{\376\377\000C\000o\000d\000i\000n\000g\000\040\000P\000r\000a\000c\000t\000i\000c\000e\000\040\000M\000o\000d\000u\000l\000e}{chapter.5}% 120
\BOOKMARK [2][-]{subsection.5.6.1}{\376\377\000P\000r\000o\000b\000l\000e\000m\000\040\000A\000r\000e\000n\000a}{section.5.6}% 121
\BOOKMARK [2][-]{subsection.5.6.2}{\376\377\000C\000o\000d\000i\000n\000g\000\040\000W\000o\000r\000k\000s\000p\000a\000c\000e}{section.5.6}% 122
\BOOKMARK [2][-]{subsection.5.6.3}{\376\377\000S\000t\000a\000n\000d\000a\000l\000o\000n\000e\000\040\000C\000o\000d\000e\000\040\000W\000o\000r\000k\000s\000p\000a\000c\000e}{section.5.6}% 123
\BOOKMARK [2][-]{subsection.5.6.4}{\376\377\000C\000o\000n\000t\000e\000s\000t\000\040\000H\000u\000b}{section.5.6}% 124
\BOOKMARK [1][-]{section.5.7}{\376\377\000A\000I\000\040\000I\000n\000t\000e\000r\000v\000i\000e\000w\000\040\000M\000o\000d\000u\000l\000e}{chapter.5}% 125
\BOOKMARK [1][-]{section.5.8}{\376\377\000C\000o\000m\000p\000a\000n\000y\000\040\000P\000r\000e\000p\000a\000r\000a\000t\000i\000o\000n\000\040\000M\000o\000d\000u\000l\000e}{chapter.5}% 126
\BOOKMARK [2][-]{subsection.5.8.1}{\376\377\000C\000o\000m\000p\000a\000n\000i\000e\000s}{section.5.8}% 127
\BOOKMARK [2][-]{subsection.5.8.2}{\376\377\000C\000o\000m\000p\000a\000n\000y\000\040\000D\000e\000t\000a\000i\000l\000s}{section.5.8}% 128
\BOOKMARK [1][-]{section.5.9}{\376\377\000P\000r\000o\000f\000i\000l\000e\000\040\000M\000a\000n\000a\000g\000e\000m\000e\000n\000t}{chapter.5}% 129
\BOOKMARK [2][-]{subsection.5.9.1}{\376\377\000P\000r\000o\000f\000i\000l\000e\000\040\000E\000d\000i\000t\000o\000r}{section.5.9}% 130
\BOOKMARK [2][-]{subsection.5.9.2}{\376\377\000S\000k\000i\000l\000l\000s\000\040\000P\000a\000s\000s\000p\000o\000r\000t}{section.5.9}% 131
\BOOKMARK [1][-]{section.5.10}{\376\377\000S\000h\000a\000r\000e\000d\000\040\000P\000r\000o\000f\000i\000l\000e\000s}{chapter.5}% 132
\BOOKMARK [2][-]{subsection.5.10.1}{\376\377\000S\000h\000a\000r\000e\000d\000\040\000P\000a\000s\000s\000p\000o\000r\000t}{section.5.10}% 133
\BOOKMARK [2][-]{subsection.5.10.2}{\376\377\000S\000h\000a\000r\000e\000d\000\040\000P\000o\000r\000t\000f\000o\000l\000i\000o}{section.5.10}% 134
\BOOKMARK [1][-]{section.5.11}{\376\377\000A\000n\000a\000l\000y\000t\000i\000c\000s\000\040\000D\000a\000s\000h\000b\000o\000a\000r\000d}{chapter.5}% 135
\BOOKMARK [1][-]{section.5.12}{\376\377\000S\000e\000t\000t\000i\000n\000g\000s}{chapter.5}% 136
\BOOKMARK [1][-]{section.5.13}{\376\377\000A\000d\000m\000i\000n\000i\000s\000t\000r\000a\000t\000i\000o\000n\000\040\000M\000o\000d\000u\000l\000e}{chapter.5}% 137
\BOOKMARK [2][-]{subsection.5.13.1}{\376\377\000U\000s\000e\000r\000\040\000M\000a\000n\000a\000g\000e\000m\000e\000n\000t}{section.5.13}% 138
\BOOKMARK [2][-]{subsection.5.13.2}{\376\377\000T\000r\000a\000c\000k\000\040\000M\000a\000n\000a\000g\000e\000m\000e\000n\000t}{section.5.13}% 139
\BOOKMARK [2][-]{subsection.5.13.3}{\376\377\000T\000o\000p\000i\000c\000\040\000M\000a\000n\000a\000g\000e\000m\000e\000n\000t}{section.5.13}% 140
\BOOKMARK [2][-]{subsection.5.13.4}{\376\377\000Q\000u\000e\000s\000t\000i\000o\000n\000\040\000M\000a\000n\000a\000g\000e\000m\000e\000n\000t}{section.5.13}% 141
\BOOKMARK [2][-]{subsection.5.13.5}{\376\377\000T\000e\000s\000t\000\040\000M\000a\000n\000a\000g\000e\000m\000e\000n\000t}{section.5.13}% 142
\BOOKMARK [2][-]{subsection.5.13.6}{\376\377\000C\000o\000m\000p\000a\000n\000y\000\040\000M\000a\000n\000a\000g\000e\000m\000e\000n\000t}{section.5.13}% 143
\BOOKMARK [1][-]{section.5.14}{\376\377\000C\000h\000a\000p\000t\000e\000r\000\040\000S\000u\000m\000m\000a\000r\000y}{chapter.5}% 144
\BOOKMARK [0][-]{chapter.6}{\376\377\000C\000o\000n\000c\000l\000u\000s\000i\000o\000n\000\040\000a\000n\000d\000\040\000F\000u\000t\000u\000r\000e\000\040\000S\000c\000o\000p\000e}{}% 145
\BOOKMARK [1][-]{section.6.1}{\376\377\000I\000n\000t\000r\000o\000d\000u\000c\000t\000i\000o\000n}{chapter.6}% 146
\BOOKMARK [1][-]{section.6.2}{\376\377\000C\000o\000n\000c\000l\000u\000s\000i\000o\000n}{chapter.6}% 147
\BOOKMARK [1][-]{section.6.3}{\376\377\000O\000b\000j\000e\000c\000t\000i\000v\000e\000s\000\040\000A\000c\000h\000i\000e\000v\000e\000d}{chapter.6}% 148
\BOOKMARK [1][-]{section.6.4}{\376\377\000C\000u\000r\000r\000e\000n\000t\000\040\000L\000i\000m\000i\000t\000a\000t\000i\000o\000n\000s}{chapter.6}% 149
\BOOKMARK [1][-]{section.6.5}{\376\377\000F\000u\000t\000u\000r\000e\000\040\000S\000c\000o\000p\000e}{chapter.6}% 150
\BOOKMARK [1][-]{section.6.6}{\376\377\000C\000h\000a\000p\000t\000e\000r\000\040\000S\000u\000m\000m\000a\000r\000y}{chapter.6}% 151
\BOOKMARK [0][-]{section*.61}{\376\377\000R\000e\000f\000e\000r\000e\000n\000c\000e\000s}{}% 152
